{
  "0 debug pnpm:scope": {
    "selected": 1
  },
  "1 debug pnpm:package-manifest": {
    "initial": {
      "name": "svelte-jwt",
      "version": "0.0.1",
      "scripts": {
        "dev": "vite dev",
        "build": "svelte-kit sync && svelte-package",
        "check": "svelte-kit sync && svelte-check --tsconfig ./tsconfig.json",
        "check:watch": "svelte-kit sync && svelte-check --tsconfig ./tsconfig.json --watch",
        "lint": "prettier --check . && eslint .",
        "format": "prettier --write ."
      },
      "devDependencies": {
        "@sveltejs/adapter-auto": "next",
        "@sveltejs/kit": "next",
        "@sveltejs/package": "next",
        "@typescript-eslint/eslint-plugin": "^5.27.0",
        "@typescript-eslint/parser": "^5.27.0",
        "eslint": "^8.16.0",
        "eslint-config-prettier": "^8.3.0",
        "eslint-plugin-svelte3": "^4.0.0",
        "prettier": "^2.6.2",
        "prettier-plugin-svelte": "^2.7.0",
        "svelte": "^3.44.0",
        "svelte-check": "^2.7.1",
        "svelte-preprocess": "^4.10.6",
        "tslib": "^2.3.1",
        "typescript": "^4.7.4",
        "vite": "^3.1.0-beta.1",
        "jose": "^4.9.2"
      },
      "type": "module"
    },
    "prefix": "C:\\Projects\\11_jwt"
  },
  "2 debug pnpm:context": {
    "currentLockfileExists": false,
    "storeDir": "C:\\Users\\serge\\.pnpm-store\\v3",
    "virtualStoreDir": "C:\\Projects\\11_jwt\\node_modules\\.pnpm"
  },
  "3 debug pnpm:stage": {
    "prefix": "C:\\Projects\\11_jwt",
    "stage": "resolution_started"
  },
  "4 debug pnpm:_dependency_resolved": {
    "resolution": "registry.npmjs.org/eslint-config-prettier/8.5.0",
    "wanted": {
      "dependentId": ".",
      "name": "eslint-config-prettier",
      "rawSpec": "^8.3.0"
    }
  },
  "5 debug pnpm:progress": {
    "packageId": "registry.npmjs.org/eslint-config-prettier/8.5.0",
    "requester": "C:\\Projects\\11_jwt",
    "status": "resolved"
  },
  "6 debug pnpm:_dependency_resolved": {
    "resolution": "registry.npmjs.org/prettier/2.7.1",
    "wanted": {
      "dependentId": ".",
      "name": "prettier",
      "rawSpec": "^2.6.2"
    }
  },
  "7 debug pnpm:progress": {
    "packageId": "registry.npmjs.org/prettier/2.7.1",
    "requester": "C:\\Projects\\11_jwt",
    "status": "resolved"
  },
  "8 debug pnpm:update-check": {
    "currentVersion": "6.30.1",
    "latestVersion": "7.9.5"
  },
  "9 debug pnpm:_dependency_resolved": {
    "resolution": "registry.npmjs.org/@sveltejs/adapter-auto/1.0.0-next.71",
    "wanted": {
      "dependentId": ".",
      "name": "@sveltejs/adapter-auto",
      "rawSpec": "next"
    }
  },
  "10 debug pnpm:progress": {
    "packageId": "registry.npmjs.org/@sveltejs/adapter-auto/1.0.0-next.71",
    "requester": "C:\\Projects\\11_jwt",
    "status": "resolved"
  },
  "11 debug pnpm:progress": {
    "packageId": "registry.npmjs.org/eslint-config-prettier/8.5.0",
    "requester": "C:\\Projects\\11_jwt",
    "status": "found_in_store"
  },
  "12 debug pnpm:progress": {
    "packageId": "registry.npmjs.org/prettier/2.7.1",
    "requester": "C:\\Projects\\11_jwt",
    "status": "found_in_store"
  },
  "13 debug pnpm:_dependency_resolved": {
    "resolution": "registry.npmjs.org/tslib/2.4.0",
    "wanted": {
      "dependentId": ".",
      "name": "tslib",
      "rawSpec": "^2.3.1"
    }
  },
  "14 debug pnpm:progress": {
    "packageId": "registry.npmjs.org/tslib/2.4.0",
    "requester": "C:\\Projects\\11_jwt",
    "status": "resolved"
  },
  "15 debug pnpm:_dependency_resolved": {
    "resolution": "registry.npmjs.org/svelte/3.50.0",
    "wanted": {
      "dependentId": ".",
      "name": "svelte",
      "rawSpec": "^3.44.0"
    }
  },
  "16 debug pnpm:progress": {
    "packageId": "registry.npmjs.org/svelte/3.50.0",
    "requester": "C:\\Projects\\11_jwt",
    "status": "resolved"
  },
  "17 debug pnpm:_dependency_resolved": {
    "resolution": "registry.npmjs.org/vite/3.1.0-beta.2",
    "wanted": {
      "dependentId": ".",
      "name": "vite",
      "rawSpec": "^3.1.0-beta.1"
    }
  },
  "18 debug pnpm:progress": {
    "packageId": "registry.npmjs.org/vite/3.1.0-beta.2",
    "requester": "C:\\Projects\\11_jwt",
    "status": "resolved"
  },
  "19 debug pnpm:_dependency_resolved": {
    "resolution": "registry.npmjs.org/eslint/8.23.0",
    "wanted": {
      "dependentId": ".",
      "name": "eslint",
      "rawSpec": "^8.16.0"
    }
  },
  "20 debug pnpm:progress": {
    "packageId": "registry.npmjs.org/eslint/8.23.0",
    "requester": "C:\\Projects\\11_jwt",
    "status": "resolved"
  },
  "21 debug pnpm:_dependency_resolved": {
    "resolution": "registry.npmjs.org/eslint-plugin-svelte3/4.0.0",
    "wanted": {
      "dependentId": ".",
      "name": "eslint-plugin-svelte3",
      "rawSpec": "^4.0.0"
    }
  },
  "22 debug pnpm:progress": {
    "packageId": "registry.npmjs.org/eslint-plugin-svelte3/4.0.0",
    "requester": "C:\\Projects\\11_jwt",
    "status": "resolved"
  },
  "23 debug pnpm:_dependency_resolved": {
    "resolution": "registry.npmjs.org/@typescript-eslint/parser/5.36.1",
    "wanted": {
      "dependentId": ".",
      "name": "@typescript-eslint/parser",
      "rawSpec": "^5.27.0"
    }
  },
  "24 debug pnpm:progress": {
    "packageId": "registry.npmjs.org/@typescript-eslint/parser/5.36.1",
    "requester": "C:\\Projects\\11_jwt",
    "status": "resolved"
  },
  "25 debug pnpm:progress": {
    "packageId": "registry.npmjs.org/tslib/2.4.0",
    "requester": "C:\\Projects\\11_jwt",
    "status": "found_in_store"
  },
  "26 debug pnpm:fetching-progress": {
    "attempt": 1,
    "packageId": "registry.npmjs.org/svelte/3.50.0",
    "size": 1565854,
    "status": "started"
  },
  "27 debug pnpm:_dependency_resolved": {
    "resolution": "registry.npmjs.org/svelte-preprocess/4.10.7",
    "wanted": {
      "dependentId": ".",
      "name": "svelte-preprocess",
      "rawSpec": "^4.10.6"
    }
  },
  "28 debug pnpm:progress": {
    "packageId": "registry.npmjs.org/svelte-preprocess/4.10.7",
    "requester": "C:\\Projects\\11_jwt",
    "status": "resolved"
  },
  "29 debug pnpm:fetching-progress": {
    "attempt": 1,
    "packageId": "registry.npmjs.org/eslint/8.23.0",
    "size": 518917,
    "status": "started"
  },
  "30 debug pnpm:fetching-progress": {
    "attempt": 1,
    "packageId": "registry.npmjs.org/vite/3.1.0-beta.2",
    "size": 758897,
    "status": "started"
  },
  "31 debug pnpm:_dependency_resolved": {
    "resolution": "registry.npmjs.org/svelte-check/2.9.0",
    "wanted": {
      "dependentId": ".",
      "name": "svelte-check",
      "rawSpec": "^2.7.1"
    }
  },
  "32 debug pnpm:progress": {
    "packageId": "registry.npmjs.org/svelte-check/2.9.0",
    "requester": "C:\\Projects\\11_jwt",
    "status": "resolved"
  },
  "33 debug pnpm:_dependency_resolved": {
    "resolution": "registry.npmjs.org/@typescript-eslint/eslint-plugin/5.36.1",
    "wanted": {
      "dependentId": ".",
      "name": "@typescript-eslint/eslint-plugin",
      "rawSpec": "^5.27.0"
    }
  },
  "34 debug pnpm:progress": {
    "packageId": "registry.npmjs.org/@typescript-eslint/eslint-plugin/5.36.1",
    "requester": "C:\\Projects\\11_jwt",
    "status": "resolved"
  },
  "35 debug pnpm:progress": {
    "packageId": "registry.npmjs.org/eslint-plugin-svelte3/4.0.0",
    "requester": "C:\\Projects\\11_jwt",
    "status": "found_in_store"
  },
  "36 debug pnpm:progress": {
    "packageId": "registry.npmjs.org/svelte-preprocess/4.10.7",
    "requester": "C:\\Projects\\11_jwt",
    "status": "found_in_store"
  },
  "37 debug pnpm:fetching-progress": {
    "attempt": 1,
    "packageId": "registry.npmjs.org/svelte-check/2.9.0",
    "size": 699762,
    "status": "started"
  },
  "38 debug pnpm:_dependency_resolved": {
    "resolution": "registry.npmjs.org/typescript/4.8.2",
    "wanted": {
      "dependentId": ".",
      "name": "typescript",
      "rawSpec": "^4.7.4"
    }
  },
  "39 debug pnpm:progress": {
    "packageId": "registry.npmjs.org/typescript/4.8.2",
    "requester": "C:\\Projects\\11_jwt",
    "status": "resolved"
  },
  "40 debug pnpm:fetching-progress": {
    "attempt": 1,
    "packageId": "registry.npmjs.org/@typescript-eslint/eslint-plugin/5.36.1",
    "size": 420520,
    "status": "started"
  },
  "41 warn pnpm:install-check": {
    "message": "Unsupported engine for registry.npmjs.org/@sveltejs/kit/1.0.0-next.465: wanted: {\"node\":\">=16.14\"} (current: {\"node\":\"v16.13.0\",\"pnpm\":\"6.30.1\"})",
    "prefix": "C:\\Projects\\11_jwt"
  },
  "42 error pnpm": {
    "code": "ERR_PNPM_UNSUPPORTED_ENGINE",
    "packageId": "registry.npmjs.org/@sveltejs/kit/1.0.0-next.465",
    "wanted": {
      "node": ">=16.14"
    },
    "current": {
      "node": "v16.13.0",
      "pnpm": "6.30.1"
    },
    "pkgsStack": [],
    "err": {
      "name": "pnpm",
      "message": "Unsupported engine for registry.npmjs.org/@sveltejs/kit/1.0.0-next.465: wanted: {\"node\":\">=16.14\"} (current: {\"node\":\"v16.13.0\",\"pnpm\":\"6.30.1\"})",
      "code": "ERR_PNPM_UNSUPPORTED_ENGINE",
      "stack": "pnpm: Unsupported engine for registry.npmjs.org/@sveltejs/kit/1.0.0-next.465: wanted: {\"node\":\">=16.14\"} (current: {\"node\":\"v16.13.0\",\"pnpm\":\"6.30.1\"})\n    at checkEngine (C:\\Users\\serge\\.node\\corepack\\pnpm\\6.30.1\\dist\\pnpm.cjs:41250:16)\n    at checkPackage (C:\\Users\\serge\\.node\\corepack\\pnpm\\6.30.1\\dist\\pnpm.cjs:43346:104)\n    at packageIsInstallable (C:\\Users\\serge\\.node\\corepack\\pnpm\\6.30.1\\dist\\pnpm.cjs:43316:20)\n    at resolveAndFetch (C:\\Users\\serge\\.node\\corepack\\pnpm\\6.30.1\\dist\\pnpm.cjs:74480:117)\n    at runMicrotasks (<anonymous>)\n    at processTicksAndRejections (node:internal/process/task_queues:96:5)\n    at async resolveDependency (C:\\Users\\serge\\.node\\corepack\\pnpm\\6.30.1\\dist\\pnpm.cjs:116066:23)\n    at async resolveDependenciesOfDependency (C:\\Users\\serge\\.node\\corepack\\pnpm\\6.30.1\\dist\\pnpm.cjs:115901:39)\n    at async Promise.all (index 1)\n    at async resolveDependencies (C:\\Users\\serge\\.node\\corepack\\pnpm\\6.30.1\\dist\\pnpm.cjs:115868:29)"
    }
  },
  "43 debug pnpm:fetching-progress": {
    "attempt": 1,
    "packageId": "registry.npmjs.org/typescript/4.8.2",
    "size": 11941253,
    "status": "started"
  },
  "44 debug pnpm:fetching-progress": {
    "downloaded": 15901,
    "packageId": "registry.npmjs.org/typescript/4.8.2",
    "status": "in_progress"
  },
  "45 debug pnpm:fetching-progress": {
    "downloaded": 32216,
    "packageId": "registry.npmjs.org/typescript/4.8.2",
    "status": "in_progress"
  },
  "46 debug pnpm:fetching-progress": {
    "downloaded": 48600,
    "packageId": "registry.npmjs.org/typescript/4.8.2",
    "status": "in_progress"
  },
  "47 debug pnpm:fetching-progress": {
    "downloaded": 64984,
    "packageId": "registry.npmjs.org/typescript/4.8.2",
    "status": "in_progress"
  },
  "48 debug pnpm:fetching-progress": {
    "downloaded": 81368,
    "packageId": "registry.npmjs.org/typescript/4.8.2",
    "status": "in_progress"
  },
  "49 debug pnpm:fetching-progress": {
    "downloaded": 97752,
    "packageId": "registry.npmjs.org/typescript/4.8.2",
    "status": "in_progress"
  },
  "50 debug pnpm:fetching-progress": {
    "downloaded": 114136,
    "packageId": "registry.npmjs.org/typescript/4.8.2",
    "status": "in_progress"
  },
  "51 debug pnpm:fetching-progress": {
    "downloaded": 130520,
    "packageId": "registry.npmjs.org/typescript/4.8.2",
    "status": "in_progress"
  },
  "52 debug pnpm:fetching-progress": {
    "downloaded": 146904,
    "packageId": "registry.npmjs.org/typescript/4.8.2",
    "status": "in_progress"
  },
  "53 debug pnpm:fetching-progress": {
    "downloaded": 163288,
    "packageId": "registry.npmjs.org/typescript/4.8.2",
    "status": "in_progress"
  },
  "54 debug pnpm:fetching-progress": {
    "downloaded": 179672,
    "packageId": "registry.npmjs.org/typescript/4.8.2",
    "status": "in_progress"
  },
  "55 debug pnpm:fetching-progress": {
    "downloaded": 196056,
    "packageId": "registry.npmjs.org/typescript/4.8.2",
    "status": "in_progress"
  },
  "56 debug pnpm:fetching-progress": {
    "downloaded": 212440,
    "packageId": "registry.npmjs.org/typescript/4.8.2",
    "status": "in_progress"
  },
  "57 debug pnpm:fetching-progress": {
    "downloaded": 227636,
    "packageId": "registry.npmjs.org/typescript/4.8.2",
    "status": "in_progress"
  },
  "58 debug pnpm:fetching-progress": {
    "downloaded": 244020,
    "packageId": "registry.npmjs.org/typescript/4.8.2",
    "status": "in_progress"
  },
  "59 debug pnpm:fetching-progress": {
    "downloaded": 260404,
    "packageId": "registry.npmjs.org/typescript/4.8.2",
    "status": "in_progress"
  },
  "60 debug pnpm:fetching-progress": {
    "downloaded": 276788,
    "packageId": "registry.npmjs.org/typescript/4.8.2",
    "status": "in_progress"
  },
  "61 debug pnpm:fetching-progress": {
    "downloaded": 293172,
    "packageId": "registry.npmjs.org/typescript/4.8.2",
    "status": "in_progress"
  },
  "62 debug pnpm:fetching-progress": {
    "downloaded": 309556,
    "packageId": "registry.npmjs.org/typescript/4.8.2",
    "status": "in_progress"
  },
  "63 debug pnpm:fetching-progress": {
    "downloaded": 325940,
    "packageId": "registry.npmjs.org/typescript/4.8.2",
    "status": "in_progress"
  },
  "64 debug pnpm:fetching-progress": {
    "downloaded": 342324,
    "packageId": "registry.npmjs.org/typescript/4.8.2",
    "status": "in_progress"
  },
  "65 debug pnpm:fetching-progress": {
    "downloaded": 358708,
    "packageId": "registry.npmjs.org/typescript/4.8.2",
    "status": "in_progress"
  },
  "66 debug pnpm:fetching-progress": {
    "downloaded": 375092,
    "packageId": "registry.npmjs.org/typescript/4.8.2",
    "status": "in_progress"
  },
  "67 debug pnpm:fetching-progress": {
    "downloaded": 391476,
    "packageId": "registry.npmjs.org/typescript/4.8.2",
    "status": "in_progress"
  },
  "68 debug pnpm:fetching-progress": {
    "downloaded": 407860,
    "packageId": "registry.npmjs.org/typescript/4.8.2",
    "status": "in_progress"
  },
  "69 debug pnpm:fetching-progress": {
    "downloaded": 424244,
    "packageId": "registry.npmjs.org/typescript/4.8.2",
    "status": "in_progress"
  },
  "70 debug pnpm:fetching-progress": {
    "downloaded": 440628,
    "packageId": "registry.npmjs.org/typescript/4.8.2",
    "status": "in_progress"
  },
  "71 debug pnpm:fetching-progress": {
    "downloaded": 457012,
    "packageId": "registry.npmjs.org/typescript/4.8.2",
    "status": "in_progress"
  },
  "72 debug pnpm:fetching-progress": {
    "downloaded": 473396,
    "packageId": "registry.npmjs.org/typescript/4.8.2",
    "status": "in_progress"
  },
  "73 debug pnpm:fetching-progress": {
    "downloaded": 489780,
    "packageId": "registry.npmjs.org/typescript/4.8.2",
    "status": "in_progress"
  },
  "74 debug pnpm:fetching-progress": {
    "downloaded": 506164,
    "packageId": "registry.npmjs.org/typescript/4.8.2",
    "status": "in_progress"
  },
  "75 debug pnpm:fetching-progress": {
    "downloaded": 522548,
    "packageId": "registry.npmjs.org/typescript/4.8.2",
    "status": "in_progress"
  },
  "76 debug pnpm:fetching-progress": {
    "downloaded": 538932,
    "packageId": "registry.npmjs.org/typescript/4.8.2",
    "status": "in_progress"
  },
  "77 debug pnpm:fetching-progress": {
    "downloaded": 555316,
    "packageId": "registry.npmjs.org/typescript/4.8.2",
    "status": "in_progress"
  },
  "78 debug pnpm:fetching-progress": {
    "downloaded": 571700,
    "packageId": "registry.npmjs.org/typescript/4.8.2",
    "status": "in_progress"
  },
  "79 debug pnpm:fetching-progress": {
    "downloaded": 588084,
    "packageId": "registry.npmjs.org/typescript/4.8.2",
    "status": "in_progress"
  },
  "80 debug pnpm:fetching-progress": {
    "downloaded": 604468,
    "packageId": "registry.npmjs.org/typescript/4.8.2",
    "status": "in_progress"
  },
  "81 debug pnpm:fetching-progress": {
    "downloaded": 620852,
    "packageId": "registry.npmjs.org/typescript/4.8.2",
    "status": "in_progress"
  },
  "82 debug pnpm:fetching-progress": {
    "downloaded": 637236,
    "packageId": "registry.npmjs.org/typescript/4.8.2",
    "status": "in_progress"
  },
  "83 debug pnpm:fetching-progress": {
    "downloaded": 653620,
    "packageId": "registry.npmjs.org/typescript/4.8.2",
    "status": "in_progress"
  },
  "84 debug pnpm:fetching-progress": {
    "downloaded": 670004,
    "packageId": "registry.npmjs.org/typescript/4.8.2",
    "status": "in_progress"
  },
  "85 debug pnpm:fetching-progress": {
    "downloaded": 686388,
    "packageId": "registry.npmjs.org/typescript/4.8.2",
    "status": "in_progress"
  },
  "86 debug pnpm:fetching-progress": {
    "downloaded": 702772,
    "packageId": "registry.npmjs.org/typescript/4.8.2",
    "status": "in_progress"
  },
  "87 debug pnpm:fetching-progress": {
    "downloaded": 719156,
    "packageId": "registry.npmjs.org/typescript/4.8.2",
    "status": "in_progress"
  }
}